
 /----------------------------------------------------------------------------\
 |  yosys -- Yosys Open SYnthesis Suite                                       |
 |  Copyright (C) 2012 - 2024  Claire Xenia Wolf <claire@yosyshq.com>         |
 |  Distributed under an ISC-like license, type "license" to see terms        |
 \----------------------------------------------------------------------------/
 Yosys 0.45+112 (git sha1 c8b42b7d4, g++ 11.4.0-1ubuntu1~22.04 -fPIC -O3)

-- Executing script file `design_prep.ys' --

1. Executing RTLIL frontend.
Input filename: design.il

2. Executing SCC pass (detecting logic loops).
Found 0 SCCs in module encoder_proj_formal.
Found 0 SCCs in module $paramod\onehot2bin\N=s32'00000000000000000000000001000000.
Found 0 SCCs.

3. Executing SIMPLEMAP pass (map simple cells to gate primitives).

4. Executing MEMORY_NORDFF pass (extracting $dff cells from memories).

5. Executing ASYNC2SYNC pass.

6. Executing OPT_CLEAN pass (remove unused cells and wires).
Finding unused cells or wires in module \encoder_proj_formal..
Finding unused cells or wires in module $paramod\onehot2bin\N=s32'00000000000000000000000001000000..
Removed 200 unused cells and 200 unused wires.
<suppressed ~201 debug messages>

7. Executing FORMALFF pass.

8. Executing OPT_CLEAN pass (remove unused cells and wires).
Finding unused cells or wires in module $paramod\onehot2bin\N=s32'00000000000000000000000001000000..
Finding unused cells or wires in module \encoder_proj_formal..

9. Executing CHECK pass (checking for obvious problems).
Checking module $paramod\onehot2bin\N=s32'00000000000000000000000001000000...
Checking module encoder_proj_formal...
Found and reported 0 problems.

10. Executing SETUNDEF pass (replace undef values with defined constants).

11. Executing OPT pass (performing simple optimizations).

11.1. Executing OPT_EXPR pass (perform const folding).
Optimizing module $paramod\onehot2bin\N=s32'00000000000000000000000001000000.
Optimizing module encoder_proj_formal.

11.2. Executing OPT_MERGE pass (detect identical cells).
Finding identical cells in module `$paramod\onehot2bin\N=s32'00000000000000000000000001000000'.
Finding identical cells in module `\encoder_proj_formal'.
Removed a total of 0 cells.

11.3. Executing OPT_DFF pass (perform DFF optimizations).

11.4. Executing OPT_CLEAN pass (remove unused cells and wires).
Finding unused cells or wires in module $paramod\onehot2bin\N=s32'00000000000000000000000001000000..
Finding unused cells or wires in module \encoder_proj_formal..

11.5. Finished fast OPT passes.

12. Executing OPT_CLEAN pass (remove unused cells and wires).
Finding unused cells or wires in module $paramod\onehot2bin\N=s32'00000000000000000000000001000000..
Finding unused cells or wires in module \encoder_proj_formal..

13. Executing RTLIL backend.
Output filename: ../model/design_prep.il

End of script. Logfile hash: fb8bd512b9, CPU: user 0.09s system 0.01s, MEM: 21.93 MB peak
Yosys 0.45+112 (git sha1 c8b42b7d4, g++ 11.4.0-1ubuntu1~22.04 -fPIC -O3)
Time spent: 35% 4x opt_clean (0 sec), 25% 1x check (0 sec), ...
